<?xml version="1.0" encoding="UTF-8"?>
<!-- Generated by org.testng.reporters.JUnitReportReporter -->
<testsuite hostname="auriga-Latitude-E7470" failures="0" tests="8" name="com.SfcApp.testcase.MyLine" time="203.259" errors="1" timestamp="2023-08-28T19:56:24 IST" skipped="0">
  <testcase classname="com.SfcApp.testcase.MyLine" name="LoginSupervisor" time="14.585"/>
  <system-out/>
  <testcase classname="com.SfcApp.testcase.MyLine" name="Myline" time="31.959"/>
  <system-out/>
  <testcase classname="com.SfcApp.testcase.MyLine" name="ChangeMachineOrientation" time="8.337"/>
  <system-out/>
  <testcase classname="com.SfcApp.testcase.MyLine" name="ReportError" time="28.990"/>
  <system-out/>
  <testcase classname="com.SfcApp.testcase.MyLine" name="RecorderVerifyMachineReported" time="22.260"/>
  <system-out/>
  <testcase classname="com.SfcApp.testcase.MyLine" name="LoginMachenic" time="18.167"/>
  <system-out/>
  <testcase classname="com.SfcApp.testcase.MyLine" name="RepairMachine" time="63.322"/>
  <system-out/>
  <testcase classname="com.SfcApp.testcase.MyLine" name="RecorderVerifyMachineRepaired" time="15.639">
    <error message="An element could not be located on the page using the given search parameters.
For documentation on this error, please visit: https://www.seleniumhq.org/exceptions/no_such_element.html
Build info: version: &#039;3.141.59&#039;, revision: &#039;e82be7d358&#039;, time: &#039;2018-11-14T08:17:03&#039;
System info: host: &#039;auriga-Latitude-E7470&#039;, ip: &#039;127.0.1.1&#039;, os.name: &#039;Linux&#039;, os.arch: &#039;amd64&#039;, os.version: &#039;5.15.0-78-generic&#039;, java.version: &#039;18.0.2.1&#039;
Driver info: io.appium.java_client.android.AndroidDriver
Capabilities {RESET: true, app: /home/auriga/git/repository..., appActivity: com.example.textreader.Acti..., appPackage: com.auriga.stitch.sfc.debug, databaseEnabled: false, desired: {RESET: true, app: /home/auriga/git/repository..., appActivity: com.example.textreader.Acti..., appPackage: com.auriga.stitch.sfc.debug, deviceName: emulator-5554, platformName: android}, deviceApiLevel: 33, deviceManufacturer: vivo, deviceModel: V2130, deviceName: 1592348107001Y3, deviceScreenDensity: 440, deviceScreenSize: 1080x2400, deviceUDID: 1592348107001Y3, javascriptEnabled: true, locationContextEnabled: false, networkConnectionEnabled: true, pixelRatio: 2.75, platform: LINUX, platformName: Android, platformVersion: 13, statBarHeight: 88, takesScreenshot: true, viewportRect: {height: 2116, left: 0, top: 88, width: 1080}, warnings: {}, webStorageEnabled: false}
Session ID: 10a709c0-8efa-4f13-a2d5-d852c80108ec
*** Element info: {Using=xpath, value=//android.widget.TextView[@text=&#039;RECORDER&#039;]}" type="org.openqa.selenium.NoSuchElementException">
      <![CDATA[org.openqa.selenium.NoSuchElementException: An element could not be located on the page using the given search parameters.
For documentation on this error, please visit: https://www.seleniumhq.org/exceptions/no_such_element.html
Build info: version: '3.141.59', revision: 'e82be7d358', time: '2018-11-14T08:17:03'
System info: host: 'auriga-Latitude-E7470', ip: '127.0.1.1', os.name: 'Linux', os.arch: 'amd64', os.version: '5.15.0-78-generic', java.version: '18.0.2.1'
Driver info: io.appium.java_client.android.AndroidDriver
Capabilities {RESET: true, app: /home/auriga/git/repository..., appActivity: com.example.textreader.Acti..., appPackage: com.auriga.stitch.sfc.debug, databaseEnabled: false, desired: {RESET: true, app: /home/auriga/git/repository..., appActivity: com.example.textreader.Acti..., appPackage: com.auriga.stitch.sfc.debug, deviceName: emulator-5554, platformName: android}, deviceApiLevel: 33, deviceManufacturer: vivo, deviceModel: V2130, deviceName: 1592348107001Y3, deviceScreenDensity: 440, deviceScreenSize: 1080x2400, deviceUDID: 1592348107001Y3, javascriptEnabled: true, locationContextEnabled: false, networkConnectionEnabled: true, pixelRatio: 2.75, platform: LINUX, platformName: Android, platformVersion: 13, statBarHeight: 88, takesScreenshot: true, viewportRect: {height: 2116, left: 0, top: 88, width: 1080}, warnings: {}, webStorageEnabled: false}
Session ID: 10a709c0-8efa-4f13-a2d5-d852c80108ec
*** Element info: {Using=xpath, value=//android.widget.TextView[@text='RECORDER']}
at java.base/jdk.internal.reflect.DirectConstructorHandleAccessor.newInstance(DirectConstructorHandleAccessor.java:67)
at java.base/java.lang.reflect.Constructor.newInstanceWithCaller(Constructor.java:499)
at java.base/java.lang.reflect.Constructor.newInstance(Constructor.java:483)
at org.openqa.selenium.remote.http.W3CHttpResponseCodec.createException(W3CHttpResponseCodec.java:187)
at org.openqa.selenium.remote.http.W3CHttpResponseCodec.decode(W3CHttpResponseCodec.java:122)
at org.openqa.selenium.remote.http.W3CHttpResponseCodec.decode(W3CHttpResponseCodec.java:49)
at org.openqa.selenium.remote.HttpCommandExecutor.execute(HttpCommandExecutor.java:158)
at io.appium.java_client.remote.AppiumCommandExecutor.execute(AppiumCommandExecutor.java:239)
at org.openqa.selenium.remote.RemoteWebDriver.execute(RemoteWebDriver.java:552)
at io.appium.java_client.DefaultGenericMobileDriver.execute(DefaultGenericMobileDriver.java:41)
at io.appium.java_client.AppiumDriver.execute(AppiumDriver.java:1)
at io.appium.java_client.android.AndroidDriver.execute(AndroidDriver.java:1)
at org.openqa.selenium.remote.RemoteWebDriver.findElement(RemoteWebDriver.java:323)
at io.appium.java_client.DefaultGenericMobileDriver.findElement(DefaultGenericMobileDriver.java:61)
at io.appium.java_client.AppiumDriver.findElement(AppiumDriver.java:1)
at io.appium.java_client.android.AndroidDriver.findElement(AndroidDriver.java:1)
at org.openqa.selenium.remote.RemoteWebDriver.findElementByXPath(RemoteWebDriver.java:428)
at io.appium.java_client.DefaultGenericMobileDriver.findElementByXPath(DefaultGenericMobileDriver.java:151)
at io.appium.java_client.AppiumDriver.findElementByXPath(AppiumDriver.java:1)
at io.appium.java_client.android.AndroidDriver.findElementByXPath(AndroidDriver.java:1)
at com.SfcApp.testcase.MyLine.RecorderVerifyMachineRepaired(MyLine.java:303)
at java.base/jdk.internal.reflect.DirectMethodHandleAccessor.invoke(DirectMethodHandleAccessor.java:104)
at java.base/java.lang.reflect.Method.invoke(Method.java:577)
at org.testng.internal.MethodInvocationHelper.invokeMethod(MethodInvocationHelper.java:133)
at org.testng.internal.TestInvoker.invokeMethod(TestInvoker.java:598)
at org.testng.internal.TestInvoker.invokeTestMethod(TestInvoker.java:173)
at org.testng.internal.MethodRunner.runInSequence(MethodRunner.java:46)
at org.testng.internal.TestInvoker$MethodInvocationAgent.invoke(TestInvoker.java:824)
at org.testng.internal.TestInvoker.invokeTestMethods(TestInvoker.java:146)
at org.testng.internal.TestMethodWorker.invokeTestMethods(TestMethodWorker.java:146)
at org.testng.internal.TestMethodWorker.run(TestMethodWorker.java:128)
at java.base/java.util.ArrayList.forEach(ArrayList.java:1511)
at org.testng.TestRunner.privateRun(TestRunner.java:794)
at org.testng.TestRunner.run(TestRunner.java:596)
at org.testng.SuiteRunner.runTest(SuiteRunner.java:377)
at org.testng.SuiteRunner.access$000(SuiteRunner.java:28)
at org.testng.SuiteRunner$SuiteWorker.run(SuiteRunner.java:418)
at org.testng.internal.thread.ThreadUtil.lambda$execute$0(ThreadUtil.java:64)
at java.base/java.util.concurrent.FutureTask.run(FutureTask.java:264)
at java.base/java.util.concurrent.ThreadPoolExecutor.runWorker(ThreadPoolExecutor.java:1136)
at java.base/java.util.concurrent.ThreadPoolExecutor$Worker.run(ThreadPoolExecutor.java:635)
at java.base/java.lang.Thread.run(Thread.java:833)
]]>
    </error>
  </testcase> <!-- RecorderVerifyMachineRepaired -->
  <system-out>
    <![CDATA[This is the sample screenshot
<a href='/home/auriga/git/repository/StitchSfc/Screenshots/Android_/RecorderVerifyMachineRepaired.png'> <img src='/home/auriga/git/repository/StitchSfc/Screenshots/Android_/RecorderVerifyMachineRepaired.png' height='400' width='400'/> </a>]]>
  </system-out>
</testsuite> <!-- com.SfcApp.testcase.MyLine -->
